map:map15x15.json
player1:mcts
player2:minmax
F 9 12 | F 7 4
F 10 4 | F 14 0
F 5 13 | F 5 8
F 9 7 | F 10 13
F 5 6 | F 11 12
W | W
W | W
W | W
S swordsman | S swordsman
W | W
W | W
W | W
W | W
W | S swordsman
S swordsman | W
W | W
W | W
W | W
W | W
S swordsman | S swordsman
W | W
W | W
W | W
W | W
W | S swordsman
S swordsman | W
W | W
W | W
W | W
W | W
W | S swordsman
S swordsman | W
W | W
W | W
W | W
W | W
W | S swordsman
S swordsman | W
W | W
W | W
W | W
S swordsman | S swordsman
W | W
W | W
W | W
W | W
W | W
S swordsman | W
W | S swordsman
W | W
W | W
W | W
S swordsman | S swordsman
W | W
W | W
W | W
W | W
W | W
S swordsman | W
W | S swordsman
W | W
W | W
W | W
S swordsman | S swordsman
W | W
W | W
W | W
W | W
W | W
W | S swordsman
W | W
W | W
W | W
W | W
F 10 2 | W
W | S swordsman
W | W
W | W
W | W
W | W
S swordsman | S swordsman
W | W
W | W
W | W
W | W
S swordsman | W
W | W
W | W
W | W
S swordsman | S swordsman
W | W
W | W
W | S swordsman
W | W
W | W
S swordsman | W
W | W
W | S swordsman
W | W
W | W
S swordsman | W
W | W
W | W
W | W
S swordsman | W
W | S swordsman
W | W
W | W
W | W
W | S swordsman
W | W
S swordsman | W
W | W
W | S swordsman
S swordsman | W
W | W
W | W
W | W
W | W
S swordsman | S swordsman
W | W
W | W
W | W
W | W
S swordsman | S swordsman
W | W
W | W
W | W
W | W
W | W
W | W
W | S swordsman
S swordsman | W
W | W
S swordsman | W
W | W
W | S swordsman
W | W
W | W
S swordsman | W
W | W
W | W
W | S swordsman
W | W
W | W
W | W
W | W
W | W
W | S swordsman
F 8 0 | W
W | W
W | W
W | S swordsman
W | W
S swordsman | W
W | W
W | W
W | W
W | W
W | W
S swordsman | W
W | S swordsman
W | W
S swordsman | W
W | W
W | S swordsman
W | W
W | W
S swordsman | W
W | S swordsman
W | W
W | W
S swordsman | W
W | W
W | W
W | W
W | W
W | S swordsman
S swordsman | W
W | W
W | S swordsman
S swordsman | W
W | W
W | W
W | W
W | W